-------------------------------------------------------------------------------
Test set: TestSuite
-------------------------------------------------------------------------------
Tests run: 1, Failures: 1, Errors: 0, Skipped: 0, Time elapsed: 33.466 s <<< FAILURE! - in TestSuite
testrunner.testRunners.runScenario["Launch TNEB Portal to know current Month Bill to pay", "TNEB to know Bill Detail of Monthly- Selenium with BDD"](1)  Time elapsed: 32.562 s  <<< FAILURE!
java.lang.NullPointerException

